# JRE version: Java(TM) SE Runtime Environment (8.0_202-b08) (build 1.8.0_202-b08)
# Java VM: Java HotSpot(TM) 64-Bit Server VM (25.202-b08 mixed mode windows-amd64 compressed oops)
Heap:
 PSYoungGen      total 76288K, used 51384K [0x00000000fab00000, 0x0000000100000000, 0x0000000100000000)
  eden space 65536K, 62% used [0x00000000fab00000,0x00000000fd2b62f0,0x00000000feb00000)
  from space 10752K, 99% used [0x00000000ff580000,0x00000000ffff8040,0x0000000100000000)
  to   space 10752K, 0% used [0x00000000feb00000,0x00000000feb00000,0x00000000ff580000)
 ParOldGen       total 175104K, used 7000K [0x00000000f0000000, 0x00000000fab00000, 0x00000000fab00000)
  object space 175104K, 3% used [0x00000000f0000000,0x00000000f06d6268,0x00000000fab00000)
 Metaspace       used 19055K, capacity 19332K, committed 19456K, reserved 1067008K
  class space    used 2429K, capacity 2488K, committed 2560K, reserved 1048576K
GC Heap History (4 events):
Event: 1.264 GC heap before
{Heap before GC invocations=1 (full 0):
 PSYoungGen      total 76288K, used 65536K [0x00000000fab00000, 0x0000000100000000, 0x0000000100000000)
  eden space 65536K, 100% used [0x00000000fab00000,0x00000000feb00000,0x00000000feb00000)
  from space 10752K, 0% used [0x00000000ff580000,0x00000000ff580000,0x0000000100000000)
  to   space 10752K, 0% used [0x00000000feb00000,0x00000000feb00000,0x00000000ff580000)
 ParOldGen       total 175104K, used 0K [0x00000000f0000000, 0x00000000fab00000, 0x00000000fab00000)
  object space 175104K, 0% used [0x00000000f0000000,0x00000000f0000000,0x00000000fab00000)
 Metaspace       used 15967K, capacity 16128K, committed 16384K, reserved 1062912K
  class space    used 2175K, capacity 2210K, committed 2304K, reserved 1048576K
Event: 1.276 GC heap after
Heap after GC invocations=1 (full 0):
 PSYoungGen      total 76288K, used 10726K [0x00000000fab00000, 0x0000000100000000, 0x0000000100000000)
  eden space 65536K, 0% used [0x00000000fab00000,0x00000000fab00000,0x00000000feb00000)
  from space 10752K, 99% used [0x00000000feb00000,0x00000000ff579998,0x00000000ff580000)
  to   space 10752K, 0% used [0x00000000ff580000,0x00000000ff580000,0x0000000100000000)
 ParOldGen       total 175104K, used 5734K [0x00000000f0000000, 0x00000000fab00000, 0x00000000fab00000)
  object space 175104K, 3% used [0x00000000f0000000,0x00000000f0599bc8,0x00000000fab00000)
 Metaspace       used 15967K, capacity 16128K, committed 16384K, reserved 1062912K
  class space    used 2175K, capacity 2210K, committed 2304K, reserved 1048576K
}
Event: 1.901 GC heap before
{Heap before GC invocations=2 (full 0):
 PSYoungGen      total 76288K, used 76262K [0x00000000fab00000, 0x0000000100000000, 0x0000000100000000)
  eden space 65536K, 100% used [0x00000000fab00000,0x00000000feb00000,0x00000000feb00000)
  from space 10752K, 99% used [0x00000000feb00000,0x00000000ff579998,0x00000000ff580000)
  to   space 10752K, 0% used [0x00000000ff580000,0x00000000ff580000,0x0000000100000000)
 ParOldGen       total 175104K, used 5734K [0x00000000f0000000, 0x00000000fab00000, 0x00000000fab00000)
  object space 175104K, 3% used [0x00000000f0000000,0x00000000f0599bc8,0x00000000fab00000)
 Metaspace       used 17819K, capacity 18046K, committed 18304K, reserved 1064960K
  class space    used 2320K, capacity 2359K, committed 2432K, reserved 1048576K
Event: 1.910 GC heap after
Heap after GC invocations=2 (full 0):
 PSYoungGen      total 76288K, used 10720K [0x00000000fab00000, 0x0000000100000000, 0x0000000100000000)
  eden space 65536K, 0% used [0x00000000fab00000,0x00000000fab00000,0x00000000feb00000)
  from space 10752K, 99% used [0x00000000ff580000,0x00000000ffff8040,0x0000000100000000)
  to   space 10752K, 0% used [0x00000000feb00000,0x00000000feb00000,0x00000000ff580000)
 ParOldGen       total 175104K, used 7000K [0x00000000f0000000, 0x00000000fab00000, 0x00000000fab00000)
  object space 175104K, 3% used [0x00000000f0000000,0x00000000f06d6268,0x00000000fab00000)
 Metaspace       used 17819K, capacity 18046K, committed 18304K, reserved 1064960K
  class space    used 2320K, capacity 2359K, committed 2432K, reserved 1048576K
}

